\BOOKMARK [1][]{section.1}{1 Einleitung}{}
\BOOKMARK [2][]{subsection.1.1}{1.1 Motivation}{section.1}
\BOOKMARK [2][]{subsection.1.2}{1.2 Zielsetzung}{section.1}
\BOOKMARK [2][]{subsection.1.3}{1.3 Einsatzszenario}{section.1}
\BOOKMARK [1][]{section.2}{2 Stand der Technik}{}
\BOOKMARK [2][]{subsection.2.1}{2.1 Fahrerlose Transportsysteme}{section.2}
\BOOKMARK [2][]{subsection.2.2}{2.2 Fahrerlose Transportfahrzeuge}{section.2}
\BOOKMARK [3][]{subsubsection.2.2.1}{2.2.1 Orientierungssystem bzw. Navigation}{subsection.2.2}
\BOOKMARK [3][]{subsubsection.2.2.2}{2.2.2 Steuerungstechnik}{subsection.2.2}
\BOOKMARK [2][]{subsection.2.3}{2.3 Materialflusssysteme}{section.2}
\BOOKMARK [2][]{subsection.2.4}{2.4 Fallbeispiele}{section.2}
\BOOKMARK [3][]{subsubsection.2.4.1}{2.4.1 FTS in der Gl\344sernen Manufaktur Dresden \(Volkswagen\)}{subsection.2.4}
\BOOKMARK [3][]{subsubsection.2.4.2}{2.4.2 FTS beim Automobilhersteller BMW im Werk Leipzig}{subsection.2.4}
\BOOKMARK [1][]{section.3}{3 Projektorganisation}{}
\BOOKMARK [2][]{subsection.3.1}{3.1 Organisation der Teilgruppen \(Materialfluss, Fahrzeuge, Simulation\)}{section.3}
\BOOKMARK [2][]{subsection.3.2}{3.2 Rollenverteilung}{section.3}
\BOOKMARK [2][]{subsection.3.3}{3.3 Vorgehensmodell}{section.3}
\BOOKMARK [2][]{subsection.3.4}{3.4 Werkzeuge}{section.3}
\BOOKMARK [3][]{subsubsection.3.4.1}{3.4.1 Jira}{subsection.3.4}
\BOOKMARK [3][]{subsubsection.3.4.2}{3.4.2 Confluence}{subsection.3.4}
